0 info it worked if it ends with ok
1 verbose cli [ '/Users/awilkinson/.nvm/versions/node/v4.2.2/bin/node',
1 verbose cli   '/Users/awilkinson/.nvm/versions/node/v4.2.2/bin/npm',
1 verbose cli   'start' ]
2 info using npm@3.7.5
3 info using node@v4.2.2
4 verbose run-script [ 'prestart', 'start', 'poststart' ]
5 info lifecycle tricky-th-iponly@1.0.0~prestart: tricky-th-iponly@1.0.0
6 silly lifecycle tricky-th-iponly@1.0.0~prestart: no script for prestart, continuing
7 info lifecycle tricky-th-iponly@1.0.0~start: tricky-th-iponly@1.0.0
8 verbose lifecycle tricky-th-iponly@1.0.0~start: unsafe-perm in lifecycle true
9 verbose lifecycle tricky-th-iponly@1.0.0~start: PATH: /Users/awilkinson/.nvm/versions/node/v4.2.2/lib/node_modules/npm/bin/node-gyp-bin:/Users/awilkinson/Documents/practice/tricky-th-iponly/node_modules/.bin:/Users/awilkinson/.nvm/versions/node/v4.2.2/bin:/Users/awilkinson/.rvm/gems/ruby-2.2.1/bin:/Users/awilkinson/.rvm/gems/ruby-2.2.1@global/bin:/Users/awilkinson/.rvm/rubies/ruby-2.2.1/bin:/Users/awilkinson/.nvm/versions/node/v4.2.2/bin:/Users/awilkinson/Documents/HO-projects/pnc-api-work/pnc-api-client/Documents/google-cloud-sdk/bin:/usr/local/bin:/usr/bin:/bin:/usr/sbin:/sbin:/usr/local/git/bin:/Library/apache-maven-3.3.3/bin:/Users/awilkinson/.rvm/bin
10 verbose lifecycle tricky-th-iponly@1.0.0~start: CWD: /Users/awilkinson/Documents/practice/tricky-th-iponly
11 silly lifecycle tricky-th-iponly@1.0.0~start: Args: [ '-c', 'node index.js' ]
12 silly lifecycle tricky-th-iponly@1.0.0~start: Returned: code: 1  signal: null
13 info lifecycle tricky-th-iponly@1.0.0~start: Failed to exec start script
14 verbose stack Error: tricky-th-iponly@1.0.0 start: `node index.js`
14 verbose stack Exit status 1
14 verbose stack     at EventEmitter.<anonymous> (/Users/awilkinson/.nvm/versions/node/v4.2.2/lib/node_modules/npm/lib/utils/lifecycle.js:239:16)
14 verbose stack     at emitTwo (events.js:87:13)
14 verbose stack     at EventEmitter.emit (events.js:172:7)
14 verbose stack     at ChildProcess.<anonymous> (/Users/awilkinson/.nvm/versions/node/v4.2.2/lib/node_modules/npm/lib/utils/spawn.js:24:14)
14 verbose stack     at emitTwo (events.js:87:13)
14 verbose stack     at ChildProcess.emit (events.js:172:7)
14 verbose stack     at maybeClose (internal/child_process.js:818:16)
14 verbose stack     at Process.ChildProcess._handle.onexit (internal/child_process.js:211:5)
15 verbose pkgid tricky-th-iponly@1.0.0
16 verbose cwd /Users/awilkinson/Documents/practice/tricky-th-iponly
17 error Darwin 15.5.0
18 error argv "/Users/awilkinson/.nvm/versions/node/v4.2.2/bin/node" "/Users/awilkinson/.nvm/versions/node/v4.2.2/bin/npm" "start"
19 error node v4.2.2
20 error npm  v3.7.5
21 error code ELIFECYCLE
22 error tricky-th-iponly@1.0.0 start: `node index.js`
22 error Exit status 1
23 error Failed at the tricky-th-iponly@1.0.0 start script 'node index.js'.
23 error Make sure you have the latest version of node.js and npm installed.
23 error If you do, this is most likely a problem with the tricky-th-iponly package,
23 error not with npm itself.
23 error Tell the author that this fails on your system:
23 error     node index.js
23 error You can get information on how to open an issue for this project with:
23 error     npm bugs tricky-th-iponly
23 error Or if that isn't available, you can get their info via:
23 error     npm owner ls tricky-th-iponly
23 error There is likely additional logging output above.
24 verbose exit [ 1, true ]
